<?xml version="1.0" encoding="UTF-8"?>
<testsuite xmlns:xsi="http://www.w3.org/2001/XMLSchema-instance" xsi:noNamespaceSchemaLocation="https://maven.apache.org/surefire/maven-surefire-plugin/xsd/surefire-test-report.xsd" version="3.0.2" name="io.guestgraph.service.ProblemsTest" time="0.117" tests="2" errors="0" skipped="0" failures="0" flakes="0">
  <properties>
[...]
</properties>
  <testcase name="writeAnswersAsProblemJson" classname="io.guestgraph.service.ProblemsTest" time="0.096"/>
  <testcase name="ofBuildsTheShape" classname="io.guestgraph.service.ProblemsTest" time="0.003"/>
</testsuite>